{"C:\\Users\\pc2\\פיתוח אפלקציות\\TravelIL\\Project\\src\\app.ts": {"path":"C:\\Users\\pc2\\פיתוח אפלקציות\\TravelIL\\Project\\src\\app.ts","statementMap":{"0":{"start":{"line":1,"column":0},"end":{"line":1,"column":25}},"1":{"start":{"line":2,"column":0},"end":{"line":2,"column":13}},"2":{"start":{"line":3,"column":0},"end":{"line":3,"column":43}},"3":{"start":{"line":4,"column":0},"end":{"line":4,"column":32}},"4":{"start":{"line":5,"column":0},"end":{"line":5,"column":37}},"5":{"start":{"line":7,"column":0},"end":{"line":7,"column":44}},"6":{"start":{"line":8,"column":0},"end":{"line":8,"column":44}},"7":{"start":{"line":9,"column":0},"end":{"line":9,"column":44}},"8":{"start":{"line":10,"column":0},"end":{"line":10,"column":50}},"9":{"start":{"line":12,"column":16},"end":{"line":38,"column":1}},"10":{"start":{"line":13,"column":18},"end":{"line":36,"column":4}},"11":{"start":{"line":14,"column":15},"end":{"line":14,"column":34}},"12":{"start":{"line":15,"column":4},"end":{"line":15,"column":64}},"13":{"start":{"line":15,"column":26},"end":{"line":15,"column":62}},"14":{"start":{"line":16,"column":4},"end":{"line":16,"column":52}},"15":{"start":{"line":16,"column":30},"end":{"line":16,"column":50}},"16":{"start":{"line":17,"column":16},"end":{"line":17,"column":34}},"17":{"start":{"line":18,"column":4},"end":{"line":35,"column":7}},"18":{"start":{"line":19,"column":18},"end":{"line":19,"column":27}},"19":{"start":{"line":20,"column":6},"end":{"line":20,"column":33}},"20":{"start":{"line":21,"column":6},"end":{"line":21,"column":57}},"21":{"start":{"line":22,"column":6},"end":{"line":27,"column":null}},"22":{"start":{"line":23,"column":8},"end":{"line":23,"column":55}},"23":{"start":{"line":24,"column":8},"end":{"line":24,"column":56}},"24":{"start":{"line":25,"column":8},"end":{"line":25,"column":56}},"25":{"start":{"line":26,"column":8},"end":{"line":26,"column":15}},"26":{"start":{"line":29,"column":6},"end":{"line":29,"column":33}},"27":{"start":{"line":30,"column":6},"end":{"line":30,"column":38}},"28":{"start":{"line":31,"column":6},"end":{"line":31,"column":34}},"29":{"start":{"line":32,"column":6},"end":{"line":32,"column":41}},"30":{"start":{"line":33,"column":6},"end":{"line":33,"column":51}},"31":{"start":{"line":34,"column":6},"end":{"line":34,"column":19}},"32":{"start":{"line":37,"column":2},"end":{"line":37,"column":17}},"33":{"start":{"line":40,"column":0},"end":{"line":40,"column":23}}},"fnMap":{"0":{"name":"(anonymous_1)","decl":{"start":{"line":12,"column":16},"end":{"line":12,"column":37}},"loc":{"start":{"line":12,"column":39},"end":{"line":38,"column":1}}},"1":{"name":"(anonymous_2)","decl":{"start":{"line":13,"column":39},"end":{"line":13,"column":40}},"loc":{"start":{"line":13,"column":51},"end":{"line":36,"column":3}}},"2":{"name":"(anonymous_3)","decl":{"start":{"line":15,"column":20},"end":{"line":15,"column":23}},"loc":{"start":{"line":15,"column":26},"end":{"line":15,"column":62}}},"3":{"name":"(anonymous_4)","decl":{"start":{"line":16,"column":19},"end":{"line":16,"column":20}},"loc":{"start":{"line":16,"column":30},"end":{"line":16,"column":50}}},"4":{"name":"(anonymous_5)","decl":{"start":{"line":18,"column":32},"end":{"line":18,"column":35}},"loc":{"start":{"line":18,"column":37},"end":{"line":35,"column":5}}},"5":{"name":"(anonymous_6)","decl":{"start":{"line":22,"column":14},"end":{"line":22,"column":15}},"loc":{"start":{"line":22,"column":33},"end":{"line":27,"column":7}}}},"branchMap":{},"s":{"0":3,"1":3,"2":3,"3":3,"4":3,"5":3,"6":3,"7":3,"8":3,"9":3,"10":3,"11":3,"12":3,"13":3,"14":3,"15":0,"16":3,"17":3,"18":3,"19":3,"20":3,"21":3,"22":54,"23":54,"24":54,"25":54,"26":3,"27":3,"28":3,"29":3,"30":3,"31":3,"32":3,"33":3},"f":{"0":3,"1":3,"2":3,"3":0,"4":3,"5":54},"b":{}}
,"C:\\Users\\pc2\\פיתוח אפלקציות\\TravelIL\\Project\\src\\common\\auth_middleware.ts": {"path":"C:\\Users\\pc2\\פיתוח אפלקציות\\TravelIL\\Project\\src\\common\\auth_middleware.ts","statementMap":{"0":{"start":{"line":2,"column":0},"end":{"line":2,"column":31}},"1":{"start":{"line":8,"column":23},"end":{"line":18,"column":1}},"2":{"start":{"line":9,"column":23},"end":{"line":9,"column":51}},"3":{"start":{"line":10,"column":18},"end":{"line":10,"column":56}},"4":{"start":{"line":11,"column":4},"end":{"line":11,"column":50}},"5":{"start":{"line":11,"column":23},"end":{"line":11,"column":50}},"6":{"start":{"line":12,"column":4},"end":{"line":17,"column":7}},"7":{"start":{"line":13,"column":8},"end":{"line":13,"column":25}},"8":{"start":{"line":14,"column":8},"end":{"line":14,"column":44}},"9":{"start":{"line":14,"column":17},"end":{"line":14,"column":44}},"10":{"start":{"line":15,"column":8},"end":{"line":15,"column":43}},"11":{"start":{"line":16,"column":8},"end":{"line":16,"column":15}},"12":{"start":{"line":20,"column":0},"end":{"line":20,"column":30}}},"fnMap":{"0":{"name":"(anonymous_1)","decl":{"start":{"line":8,"column":23},"end":{"line":8,"column":24}},"loc":{"start":{"line":8,"column":79},"end":{"line":18,"column":1}}},"1":{"name":"(anonymous_2)","decl":{"start":{"line":12,"column":46},"end":{"line":12,"column":47}},"loc":{"start":{"line":12,"column":60},"end":{"line":17,"column":5}}}},"branchMap":{"0":{"loc":{"start":{"line":10,"column":18},"end":{"line":10,"column":56}},"type":"binary-expr","locations":[{"start":{"line":10,"column":18},"end":{"line":10,"column":28}},{"start":{"line":10,"column":32},"end":{"line":10,"column":56}}]},"1":{"loc":{"start":{"line":11,"column":4},"end":{"line":11,"column":50}},"type":"if","locations":[{"start":{"line":11,"column":4},"end":{"line":11,"column":50}}]},"2":{"loc":{"start":{"line":14,"column":8},"end":{"line":14,"column":44}},"type":"if","locations":[{"start":{"line":14,"column":8},"end":{"line":14,"column":44}}]}},"s":{"0":3,"1":3,"2":18,"3":18,"4":18,"5":2,"6":16,"7":16,"8":16,"9":2,"10":14,"11":14,"12":3},"f":{"0":18,"1":16},"b":{"0":[18,16],"1":[2],"2":[2]}}
,"C:\\Users\\pc2\\פיתוח אפלקציות\\TravelIL\\Project\\src\\controllers\\auth_controller.ts": {"path":"C:\\Users\\pc2\\פיתוח אפלקציות\\TravelIL\\Project\\src\\controllers\\auth_controller.ts","statementMap":{"0":{"start":{"line":2,"column":0},"end":{"line":2,"column":51}},"1":{"start":{"line":3,"column":0},"end":{"line":3,"column":28}},"2":{"start":{"line":4,"column":0},"end":{"line":4,"column":31}},"3":{"start":{"line":7,"column":17},"end":{"line":41,"column":1}},"4":{"start":{"line":8,"column":17},"end":{"line":8,"column":30}},"5":{"start":{"line":9,"column":18},"end":{"line":9,"column":32}},"6":{"start":{"line":10,"column":21},"end":{"line":10,"column":38}},"7":{"start":{"line":11,"column":19},"end":{"line":11,"column":34}},"8":{"start":{"line":12,"column":4},"end":{"line":14,"column":5}},"9":{"start":{"line":13,"column":8},"end":{"line":13,"column":65}},"10":{"start":{"line":15,"column":4},"end":{"line":40,"column":5}},"11":{"start":{"line":16,"column":19},"end":{"line":16,"column":57}},"12":{"start":{"line":17,"column":8},"end":{"line":19,"column":9}},"13":{"start":{"line":18,"column":12},"end":{"line":18,"column":64}},"14":{"start":{"line":20,"column":21},"end":{"line":20,"column":45}},"15":{"start":{"line":21,"column":34},"end":{"line":21,"column":67}},"16":{"start":{"line":22,"column":20},"end":{"line":28,"column":14}},"17":{"start":{"line":29,"column":23},"end":{"line":29,"column":48}},"18":{"start":{"line":30,"column":8},"end":{"line":37,"column":null}},"19":{"start":{"line":39,"column":8},"end":{"line":39,"column":71}},"20":{"start":{"line":43,"column":23},"end":{"line":61,"column":3}},"21":{"start":{"line":44,"column":24},"end":{"line":46,"column":10}},"22":{"start":{"line":47,"column":29},"end":{"line":49,"column":null}},"23":{"start":{"line":51,"column":8},"end":{"line":55,"column":9}},"24":{"start":{"line":52,"column":8},"end":{"line":52,"column":44}},"25":{"start":{"line":53,"column":15},"end":{"line":55,"column":9}},"26":{"start":{"line":54,"column":8},"end":{"line":54,"column":46}},"27":{"start":{"line":56,"column":8},"end":{"line":56,"column":26}},"28":{"start":{"line":57,"column":8},"end":{"line":60,"column":6}},"29":{"start":{"line":63,"column":14},"end":{"line":84,"column":1}},"30":{"start":{"line":64,"column":18},"end":{"line":64,"column":32}},"31":{"start":{"line":65,"column":21},"end":{"line":65,"column":38}},"32":{"start":{"line":66,"column":4},"end":{"line":68,"column":5}},"33":{"start":{"line":67,"column":8},"end":{"line":67,"column":65}},"34":{"start":{"line":69,"column":4},"end":{"line":83,"column":5}},"35":{"start":{"line":70,"column":21},"end":{"line":70,"column":59}},"36":{"start":{"line":71,"column":8},"end":{"line":73,"column":9}},"37":{"start":{"line":72,"column":12},"end":{"line":72,"column":71}},"38":{"start":{"line":74,"column":22},"end":{"line":74,"column":67}},"39":{"start":{"line":75,"column":8},"end":{"line":77,"column":9}},"40":{"start":{"line":76,"column":12},"end":{"line":76,"column":71}},"41":{"start":{"line":79,"column":23},"end":{"line":79,"column":49}},"42":{"start":{"line":80,"column":8},"end":{"line":80,"column":44}},"43":{"start":{"line":82,"column":8},"end":{"line":82,"column":71}},"44":{"start":{"line":86,"column":15},"end":{"line":108,"column":1}},"45":{"start":{"line":87,"column":23},"end":{"line":87,"column":51}},"46":{"start":{"line":88,"column":25},"end":{"line":88,"column":63}},"47":{"start":{"line":89,"column":4},"end":{"line":89,"column":57}},"48":{"start":{"line":89,"column":30},"end":{"line":89,"column":57}},"49":{"start":{"line":90,"column":4},"end":{"line":107,"column":7}},"50":{"start":{"line":91,"column":8},"end":{"line":91,"column":25}},"51":{"start":{"line":92,"column":8},"end":{"line":92,"column":44}},"52":{"start":{"line":92,"column":17},"end":{"line":92,"column":44}},"53":{"start":{"line":93,"column":8},"end":{"line":106,"column":9}},"54":{"start":{"line":94,"column":27},"end":{"line":94,"column":66}},"55":{"start":{"line":95,"column":12},"end":{"line":103,"column":13}},"56":{"start":{"line":96,"column":16},"end":{"line":96,"column":42}},"57":{"start":{"line":97,"column":16},"end":{"line":97,"column":36}},"58":{"start":{"line":98,"column":16},"end":{"line":98,"column":69}},"59":{"start":{"line":100,"column":16},"end":{"line":100,"column":92}},"60":{"start":{"line":100,"column":72},"end":{"line":100,"column":90}},"61":{"start":{"line":101,"column":16},"end":{"line":101,"column":36}},"62":{"start":{"line":102,"column":16},"end":{"line":102,"column":43}},"63":{"start":{"line":105,"column":12},"end":{"line":105,"column":46}},"64":{"start":{"line":111,"column":16},"end":{"line":141,"column":1}},"65":{"start":{"line":112,"column":23},"end":{"line":112,"column":51}},"66":{"start":{"line":113,"column":25},"end":{"line":113,"column":63}},"67":{"start":{"line":114,"column":4},"end":{"line":114,"column":57}},"68":{"start":{"line":114,"column":30},"end":{"line":114,"column":57}},"69":{"start":{"line":115,"column":4},"end":{"line":139,"column":7}},"70":{"start":{"line":116,"column":8},"end":{"line":119,"column":9}},"71":{"start":{"line":117,"column":12},"end":{"line":117,"column":29}},"72":{"start":{"line":118,"column":12},"end":{"line":118,"column":39}},"73":{"start":{"line":120,"column":8},"end":{"line":138,"column":9}},"74":{"start":{"line":121,"column":27},"end":{"line":121,"column":66}},"75":{"start":{"line":122,"column":12},"end":{"line":126,"column":13}},"76":{"start":{"line":123,"column":16},"end":{"line":123,"column":42}},"77":{"start":{"line":124,"column":16},"end":{"line":124,"column":36}},"78":{"start":{"line":125,"column":16},"end":{"line":125,"column":43}},"79":{"start":{"line":127,"column":32},"end":{"line":127,"column":126}},"80":{"start":{"line":128,"column":36},"end":{"line":128,"column":95}},"81":{"start":{"line":129,"column":12},"end":{"line":129,"column":88}},"82":{"start":{"line":129,"column":68},"end":{"line":129,"column":86}},"83":{"start":{"line":130,"column":12},"end":{"line":130,"column":55}},"84":{"start":{"line":131,"column":12},"end":{"line":131,"column":32}},"85":{"start":{"line":132,"column":12},"end":{"line":135,"column":15}},"86":{"start":{"line":137,"column":12},"end":{"line":137,"column":53}},"87":{"start":{"line":143,"column":0},"end":{"line":148,"column":null}}},"fnMap":{"0":{"name":"(anonymous_1)","decl":{"start":{"line":7,"column":17},"end":{"line":7,"column":22}},"loc":{"start":{"line":7,"column":55},"end":{"line":41,"column":1}}},"1":{"name":"(anonymous_2)","decl":{"start":{"line":43,"column":23},"end":{"line":43,"column":28}},"loc":{"start":{"line":43,"column":56},"end":{"line":61,"column":3}}},"2":{"name":"(anonymous_3)","decl":{"start":{"line":63,"column":14},"end":{"line":63,"column":19}},"loc":{"start":{"line":63,"column":52},"end":{"line":84,"column":1}}},"3":{"name":"(anonymous_4)","decl":{"start":{"line":86,"column":15},"end":{"line":86,"column":20}},"loc":{"start":{"line":86,"column":53},"end":{"line":108,"column":1}}},"4":{"name":"(anonymous_5)","decl":{"start":{"line":90,"column":61},"end":{"line":90,"column":66}},"loc":{"start":{"line":90,"column":100},"end":{"line":107,"column":5}}},"5":{"name":"(anonymous_6)","decl":{"start":{"line":100,"column":67},"end":{"line":100,"column":68}},"loc":{"start":{"line":100,"column":72},"end":{"line":100,"column":90}}},"6":{"name":"(anonymous_7)","decl":{"start":{"line":111,"column":16},"end":{"line":111,"column":21}},"loc":{"start":{"line":111,"column":54},"end":{"line":141,"column":1}}},"7":{"name":"(anonymous_8)","decl":{"start":{"line":115,"column":61},"end":{"line":115,"column":66}},"loc":{"start":{"line":115,"column":100},"end":{"line":139,"column":5}}},"8":{"name":"(anonymous_9)","decl":{"start":{"line":129,"column":63},"end":{"line":129,"column":64}},"loc":{"start":{"line":129,"column":68},"end":{"line":129,"column":86}}}},"branchMap":{"0":{"loc":{"start":{"line":12,"column":4},"end":{"line":14,"column":5}},"type":"if","locations":[{"start":{"line":12,"column":4},"end":{"line":14,"column":5}}]},"1":{"loc":{"start":{"line":12,"column":8},"end":{"line":12,"column":36}},"type":"binary-expr","locations":[{"start":{"line":12,"column":8},"end":{"line":12,"column":14}},{"start":{"line":12,"column":18},"end":{"line":12,"column":27}},{"start":{"line":12,"column":31},"end":{"line":12,"column":36}}]},"2":{"loc":{"start":{"line":17,"column":8},"end":{"line":19,"column":9}},"type":"if","locations":[{"start":{"line":17,"column":8},"end":{"line":19,"column":9}}]},"3":{"loc":{"start":{"line":51,"column":8},"end":{"line":55,"column":9}},"type":"if","locations":[{"start":{"line":51,"column":8},"end":{"line":55,"column":9}},{"start":{"line":53,"column":15},"end":{"line":55,"column":9}}]},"4":{"loc":{"start":{"line":53,"column":15},"end":{"line":55,"column":9}},"type":"if","locations":[{"start":{"line":53,"column":15},"end":{"line":55,"column":9}}]},"5":{"loc":{"start":{"line":66,"column":4},"end":{"line":68,"column":5}},"type":"if","locations":[{"start":{"line":66,"column":4},"end":{"line":68,"column":5}}]},"6":{"loc":{"start":{"line":66,"column":8},"end":{"line":66,"column":27}},"type":"binary-expr","locations":[{"start":{"line":66,"column":8},"end":{"line":66,"column":14}},{"start":{"line":66,"column":18},"end":{"line":66,"column":27}}]},"7":{"loc":{"start":{"line":71,"column":8},"end":{"line":73,"column":9}},"type":"if","locations":[{"start":{"line":71,"column":8},"end":{"line":73,"column":9}}]},"8":{"loc":{"start":{"line":75,"column":8},"end":{"line":77,"column":9}},"type":"if","locations":[{"start":{"line":75,"column":8},"end":{"line":77,"column":9}}]},"9":{"loc":{"start":{"line":88,"column":25},"end":{"line":88,"column":63}},"type":"binary-expr","locations":[{"start":{"line":88,"column":25},"end":{"line":88,"column":35}},{"start":{"line":88,"column":39},"end":{"line":88,"column":63}}]},"10":{"loc":{"start":{"line":89,"column":4},"end":{"line":89,"column":57}},"type":"if","locations":[{"start":{"line":89,"column":4},"end":{"line":89,"column":57}}]},"11":{"loc":{"start":{"line":92,"column":8},"end":{"line":92,"column":44}},"type":"if","locations":[{"start":{"line":92,"column":8},"end":{"line":92,"column":44}}]},"12":{"loc":{"start":{"line":95,"column":12},"end":{"line":103,"column":13}},"type":"if","locations":[{"start":{"line":95,"column":12},"end":{"line":103,"column":13}},{"start":{"line":99,"column":19},"end":{"line":103,"column":13}}]},"13":{"loc":{"start":{"line":95,"column":16},"end":{"line":95,"column":85}},"type":"binary-expr","locations":[{"start":{"line":95,"column":16},"end":{"line":95,"column":37}},{"start":{"line":95,"column":41},"end":{"line":95,"column":85}}]},"14":{"loc":{"start":{"line":113,"column":25},"end":{"line":113,"column":63}},"type":"binary-expr","locations":[{"start":{"line":113,"column":25},"end":{"line":113,"column":35}},{"start":{"line":113,"column":39},"end":{"line":113,"column":63}}]},"15":{"loc":{"start":{"line":114,"column":4},"end":{"line":114,"column":57}},"type":"if","locations":[{"start":{"line":114,"column":4},"end":{"line":114,"column":57}}]},"16":{"loc":{"start":{"line":116,"column":8},"end":{"line":119,"column":9}},"type":"if","locations":[{"start":{"line":116,"column":8},"end":{"line":119,"column":9}}]},"17":{"loc":{"start":{"line":122,"column":12},"end":{"line":126,"column":13}},"type":"if","locations":[{"start":{"line":122,"column":12},"end":{"line":126,"column":13}}]},"18":{"loc":{"start":{"line":122,"column":16},"end":{"line":122,"column":85}},"type":"binary-expr","locations":[{"start":{"line":122,"column":16},"end":{"line":122,"column":37}},{"start":{"line":122,"column":41},"end":{"line":122,"column":85}}]}},"s":{"0":3,"1":3,"2":3,"3":3,"4":11,"5":11,"6":11,"7":11,"8":11,"9":7,"10":4,"11":4,"12":4,"13":1,"14":3,"15":3,"16":3,"17":3,"18":3,"19":0,"20":3,"21":6,"22":6,"23":6,"24":0,"25":6,"26":3,"27":6,"28":6,"29":3,"30":11,"31":11,"32":11,"33":4,"34":7,"35":7,"36":7,"37":4,"38":3,"39":3,"40":0,"41":3,"42":3,"43":0,"44":3,"45":2,"46":2,"47":2,"48":1,"49":1,"50":1,"51":1,"52":1,"53":0,"54":0,"55":0,"56":0,"57":0,"58":0,"59":0,"60":0,"61":0,"62":0,"63":0,"64":3,"65":6,"66":6,"67":6,"68":1,"69":5,"70":5,"71":1,"72":1,"73":4,"74":4,"75":3,"76":2,"77":2,"78":2,"79":1,"80":1,"81":1,"82":1,"83":1,"84":1,"85":1,"86":1,"87":3},"f":{"0":11,"1":6,"2":11,"3":2,"4":1,"5":0,"6":6,"7":5,"8":1},"b":{"0":[7],"1":[11,9,6],"2":[1],"3":[0,6],"4":[3],"5":[4],"6":[11,9],"7":[4],"8":[0],"9":[2,1],"10":[1],"11":[1],"12":[0,0],"13":[0,0],"14":[6,5],"15":[1],"16":[1],"17":[2],"18":[3,3]}}
,"C:\\Users\\pc2\\פיתוח אפלקציות\\TravelIL\\Project\\src\\controllers\\base_controller.ts": {"path":"C:\\Users\\pc2\\פיתוח אפלקציות\\TravelIL\\Project\\src\\controllers\\base_controller.ts","statementMap":{"0":{"start":{"line":7,"column":4},"end":{"line":7,"column":23}},"1":{"start":{"line":20,"column":4},"end":{"line":25,"column":5}},"2":{"start":{"line":21,"column":18},"end":{"line":21,"column":58}},"3":{"start":{"line":22,"column":6},"end":{"line":22,"column":20}},"4":{"start":{"line":24,"column":6},"end":{"line":24,"column":53}},"5":{"start":{"line":29,"column":4},"end":{"line":34,"column":5}},"6":{"start":{"line":30,"column":18},"end":{"line":30,"column":51}},"7":{"start":{"line":31,"column":6},"end":{"line":31,"column":32}},"8":{"start":{"line":33,"column":6},"end":{"line":33,"column":51}},"9":{"start":{"line":38,"column":4},"end":{"line":43,"column":5}},"10":{"start":{"line":39,"column":18},"end":{"line":39,"column":77}},"11":{"start":{"line":40,"column":6},"end":{"line":40,"column":32}},"12":{"start":{"line":42,"column":6},"end":{"line":42,"column":53}},"13":{"start":{"line":46,"column":4},"end":{"line":51,"column":5}},"14":{"start":{"line":47,"column":18},"end":{"line":47,"column":67}},"15":{"start":{"line":48,"column":6},"end":{"line":48,"column":32}},"16":{"start":{"line":50,"column":6},"end":{"line":50,"column":53}},"17":{"start":{"line":4,"column":0},"end":{"line":4,"column":13}},"18":{"start":{"line":57,"column":25},"end":{"line":59,"column":1}},"19":{"start":{"line":58,"column":2},"end":{"line":58,"column":46}},"20":{"start":{"line":61,"column":0},"end":{"line":61,"column":32}}},"fnMap":{"0":{"name":"(anonymous_0)","decl":{"start":{"line":6,"column":2},"end":{"line":6,"column":14}},"loc":{"start":{"line":6,"column":37},"end":{"line":8,"column":3}}},"1":{"name":"(anonymous_1)","decl":{"start":{"line":19,"column":2},"end":{"line":19,"column":7}},"loc":{"start":{"line":19,"column":43},"end":{"line":26,"column":3}}},"2":{"name":"(anonymous_2)","decl":{"start":{"line":28,"column":2},"end":{"line":28,"column":7}},"loc":{"start":{"line":28,"column":40},"end":{"line":35,"column":3}}},"3":{"name":"(anonymous_3)","decl":{"start":{"line":37,"column":2},"end":{"line":37,"column":7}},"loc":{"start":{"line":37,"column":43},"end":{"line":44,"column":3}}},"4":{"name":"(anonymous_4)","decl":{"start":{"line":45,"column":2},"end":{"line":45,"column":7}},"loc":{"start":{"line":45,"column":46},"end":{"line":52,"column":3}}},"5":{"name":"(anonymous_5)","decl":{"start":{"line":57,"column":25},"end":{"line":57,"column":37}},"loc":{"start":{"line":57,"column":64},"end":{"line":59,"column":1}}}},"branchMap":{},"s":{"0":9,"1":2,"2":2,"3":2,"4":0,"5":9,"6":9,"7":5,"8":4,"9":1,"10":1,"11":0,"12":1,"13":1,"14":1,"15":1,"16":0,"17":3,"18":3,"19":0,"20":3},"f":{"0":9,"1":2,"2":9,"3":1,"4":1,"5":0},"b":{}}
,"C:\\Users\\pc2\\פיתוח אפלקציות\\TravelIL\\Project\\src\\controllers\\comment_controller.ts": {"path":"C:\\Users\\pc2\\פיתוח אפלקציות\\TravelIL\\Project\\src\\controllers\\comment_controller.ts","statementMap":{"0":{"start":{"line":1,"column":0},"end":{"line":1,"column":60}},"1":{"start":{"line":2,"column":0},"end":{"line":2,"column":40}},"2":{"start":{"line":3,"column":0},"end":{"line":3,"column":51}},"3":{"start":{"line":9,"column":4},"end":{"line":9,"column":19}},"4":{"start":{"line":13,"column":4},"end":{"line":35,"column":5}},"5":{"start":{"line":14,"column":21},"end":{"line":14,"column":33}},"6":{"start":{"line":15,"column":34},"end":{"line":15,"column":42}},"7":{"start":{"line":17,"column":23},"end":{"line":17,"column":50}},"8":{"start":{"line":18,"column":6},"end":{"line":21,"column":7}},"9":{"start":{"line":19,"column":8},"end":{"line":19,"column":60}},"10":{"start":{"line":20,"column":8},"end":{"line":20,"column":15}},"11":{"start":{"line":23,"column":22},"end":{"line":27,"column":8}},"12":{"start":{"line":29,"column":6},"end":{"line":29,"column":41}},"13":{"start":{"line":31,"column":6},"end":{"line":31,"column":28}},"14":{"start":{"line":32,"column":6},"end":{"line":32,"column":36}},"15":{"start":{"line":34,"column":6},"end":{"line":34,"column":65}},"16":{"start":{"line":39,"column":0},"end":{"line":39,"column":39}}},"fnMap":{"0":{"name":"(anonymous_1)","decl":{"start":{"line":8,"column":2},"end":{"line":8,"column":null}},"loc":{"start":{"line":8,"column":2},"end":{"line":10,"column":3}}},"1":{"name":"(anonymous_2)","decl":{"start":{"line":12,"column":2},"end":{"line":12,"column":7}},"loc":{"start":{"line":12,"column":44},"end":{"line":36,"column":3}}}},"branchMap":{"0":{"loc":{"start":{"line":18,"column":6},"end":{"line":21,"column":7}},"type":"if","locations":[{"start":{"line":18,"column":6},"end":{"line":21,"column":7}}]}},"s":{"0":3,"1":3,"2":3,"3":3,"4":0,"5":0,"6":0,"7":0,"8":0,"9":0,"10":0,"11":0,"12":0,"13":0,"14":0,"15":0,"16":3},"f":{"0":3,"1":0},"b":{"0":[0]}}
,"C:\\Users\\pc2\\פיתוח אפלקציות\\TravelIL\\Project\\src\\controllers\\post_controller.ts": {"path":"C:\\Users\\pc2\\פיתוח אפלקציות\\TravelIL\\Project\\src\\controllers\\post_controller.ts","statementMap":{"0":{"start":{"line":1,"column":0},"end":{"line":1,"column":51}},"1":{"start":{"line":3,"column":0},"end":{"line":3,"column":51}},"2":{"start":{"line":9,"column":8},"end":{"line":9,"column":20}},"3":{"start":{"line":13,"column":8},"end":{"line":13,"column":39}},"4":{"start":{"line":14,"column":8},"end":{"line":32,"column":9}},"5":{"start":{"line":15,"column":26},"end":{"line":25,"column":36}},"6":{"start":{"line":26,"column":34},"end":{"line":27,"column":43}},"7":{"start":{"line":27,"column":27},"end":{"line":27,"column":42}},"8":{"start":{"line":29,"column":12},"end":{"line":29,"column":36}},"9":{"start":{"line":31,"column":12},"end":{"line":31,"column":59}},"10":{"start":{"line":58,"column":8},"end":{"line":58,"column":41}},"11":{"start":{"line":59,"column":23},"end":{"line":59,"column":35}},"12":{"start":{"line":60,"column":8},"end":{"line":60,"column":33}},"13":{"start":{"line":62,"column":8},"end":{"line":62,"column":29}},"14":{"start":{"line":82,"column":0},"end":{"line":82,"column":36}}},"fnMap":{"0":{"name":"(anonymous_1)","decl":{"start":{"line":8,"column":4},"end":{"line":8,"column":null}},"loc":{"start":{"line":8,"column":4},"end":{"line":10,"column":5}}},"1":{"name":"(anonymous_2)","decl":{"start":{"line":12,"column":4},"end":{"line":12,"column":9}},"loc":{"start":{"line":12,"column":45},"end":{"line":33,"column":5}}},"2":{"name":"(anonymous_3)","decl":{"start":{"line":27,"column":17},"end":{"line":27,"column":18}},"loc":{"start":{"line":27,"column":27},"end":{"line":27,"column":42}}},"3":{"name":"(anonymous_4)","decl":{"start":{"line":57,"column":4},"end":{"line":57,"column":9}},"loc":{"start":{"line":57,"column":46},"end":{"line":63,"column":5}}}},"branchMap":{},"s":{"0":3,"1":3,"2":3,"3":3,"4":3,"5":3,"6":3,"7":2,"8":3,"9":0,"10":7,"11":7,"12":7,"13":7,"14":3},"f":{"0":3,"1":3,"2":2,"3":7},"b":{}}
,"C:\\Users\\pc2\\פיתוח אפלקציות\\TravelIL\\Project\\src\\controllers\\user_controller.ts": {"path":"C:\\Users\\pc2\\פיתוח אפלקציות\\TravelIL\\Project\\src\\controllers\\user_controller.ts","statementMap":{"0":{"start":{"line":1,"column":0},"end":{"line":1,"column":51}},"1":{"start":{"line":2,"column":0},"end":{"line":2,"column":51}},"2":{"start":{"line":8,"column":8},"end":{"line":8,"column":20}},"3":{"start":{"line":12,"column":8},"end":{"line":12,"column":44}},"4":{"start":{"line":13,"column":19},"end":{"line":13,"column":31}},"5":{"start":{"line":15,"column":8},"end":{"line":25,"column":9}},"6":{"start":{"line":16,"column":25},"end":{"line":20,"column":14}},"7":{"start":{"line":22,"column":12},"end":{"line":22,"column":27}},"8":{"start":{"line":24,"column":12},"end":{"line":24,"column":78}},"9":{"start":{"line":31,"column":8},"end":{"line":31,"column":42}},"10":{"start":{"line":32,"column":19},"end":{"line":32,"column":31}},"11":{"start":{"line":34,"column":8},"end":{"line":42,"column":9}},"12":{"start":{"line":35,"column":28},"end":{"line":37,"column":10}},"13":{"start":{"line":38,"column":45},"end":{"line":38,"column":50}},"14":{"start":{"line":39,"column":8},"end":{"line":39,"column":57}},"15":{"start":{"line":41,"column":8},"end":{"line":41,"column":55}},"16":{"start":{"line":46,"column":0},"end":{"line":46,"column":36}}},"fnMap":{"0":{"name":"(anonymous_2)","decl":{"start":{"line":7,"column":4},"end":{"line":7,"column":null}},"loc":{"start":{"line":7,"column":4},"end":{"line":9,"column":5}}},"1":{"name":"(anonymous_3)","decl":{"start":{"line":11,"column":4},"end":{"line":11,"column":9}},"loc":{"start":{"line":11,"column":45},"end":{"line":26,"column":5}}},"2":{"name":"(anonymous_4)","decl":{"start":{"line":30,"column":4},"end":{"line":30,"column":9}},"loc":{"start":{"line":30,"column":50},"end":{"line":43,"column":5}}}},"branchMap":{},"s":{"0":3,"1":3,"2":3,"3":3,"4":3,"5":3,"6":3,"7":3,"8":0,"9":0,"10":0,"11":0,"12":0,"13":0,"14":0,"15":0,"16":3},"f":{"0":3,"1":3,"2":0},"b":{}}
,"C:\\Users\\pc2\\פיתוח אפלקציות\\TravelIL\\Project\\src\\models\\comment_model.ts": {"path":"C:\\Users\\pc2\\פיתוח אפלקציות\\TravelIL\\Project\\src\\models\\comment_model.ts","statementMap":{"0":{"start":{"line":1,"column":0},"end":{"line":1,"column":46}},"1":{"start":{"line":11,"column":22},"end":{"line":31,"column":2}},"2":{"start":{"line":33,"column":0},"end":{"line":33,"column":66}}},"fnMap":{},"branchMap":{},"s":{"0":3,"1":3,"2":3},"f":{},"b":{}}
,"C:\\Users\\pc2\\פיתוח אפלקציות\\TravelIL\\Project\\src\\models\\post_model.ts": {"path":"C:\\Users\\pc2\\פיתוח אפלקציות\\TravelIL\\Project\\src\\models\\post_model.ts","statementMap":{"0":{"start":{"line":1,"column":0},"end":{"line":1,"column":46}},"1":{"start":{"line":12,"column":19},"end":{"line":35,"column":2}},"2":{"start":{"line":37,"column":0},"end":{"line":37,"column":57}}},"fnMap":{},"branchMap":{},"s":{"0":3,"1":3,"2":3},"f":{},"b":{}}
,"C:\\Users\\pc2\\פיתוח אפלקציות\\TravelIL\\Project\\src\\models\\user_model.ts": {"path":"C:\\Users\\pc2\\פיתוח אפלקציות\\TravelIL\\Project\\src\\models\\user_model.ts","statementMap":{"0":{"start":{"line":1,"column":0},"end":{"line":1,"column":32}},"1":{"start":{"line":12,"column":19},"end":{"line":31,"column":2}},"2":{"start":{"line":33,"column":0},"end":{"line":33,"column":57}}},"fnMap":{},"branchMap":{},"s":{"0":3,"1":3,"2":3},"f":{},"b":{}}
,"C:\\Users\\pc2\\פיתוח אפלקציות\\TravelIL\\Project\\src\\routes\\auth_route.ts": {"path":"C:\\Users\\pc2\\פיתוח אפלקציות\\TravelIL\\Project\\src\\routes\\auth_route.ts","statementMap":{"0":{"start":{"line":1,"column":0},"end":{"line":1,"column":30}},"1":{"start":{"line":2,"column":15},"end":{"line":2,"column":31}},"2":{"start":{"line":3,"column":0},"end":{"line":3,"column":60}},"3":{"start":{"line":62,"column":0},"end":{"line":62,"column":50}},"4":{"start":{"line":106,"column":0},"end":{"line":106,"column":44}},"5":{"start":{"line":121,"column":0},"end":{"line":121,"column":45}},"6":{"start":{"line":136,"column":0},"end":{"line":136,"column":47}},"7":{"start":{"line":138,"column":0},"end":{"line":138,"column":22}}},"fnMap":{},"branchMap":{},"s":{"0":3,"1":3,"2":3,"3":3,"4":3,"5":3,"6":3,"7":3},"f":{},"b":{}}
,"C:\\Users\\pc2\\פיתוח אפלקציות\\TravelIL\\Project\\src\\routes\\comment_route.ts": {"path":"C:\\Users\\pc2\\פיתוח אפלקציות\\TravelIL\\Project\\src\\routes\\comment_route.ts","statementMap":{"0":{"start":{"line":1,"column":0},"end":{"line":1,"column":30}},"1":{"start":{"line":2,"column":15},"end":{"line":2,"column":31}},"2":{"start":{"line":3,"column":0},"end":{"line":3,"column":66}},"3":{"start":{"line":4,"column":0},"end":{"line":4,"column":55}},"4":{"start":{"line":67,"column":0},"end":{"line":67,"column":70}},"5":{"start":{"line":69,"column":0},"end":{"line":69,"column":73}},"6":{"start":{"line":71,"column":0},"end":{"line":71,"column":77}},"7":{"start":{"line":73,"column":0},"end":{"line":77,"column":2}},"8":{"start":{"line":79,"column":0},"end":{"line":83,"column":2}},"9":{"start":{"line":85,"column":0},"end":{"line":85,"column":22}}},"fnMap":{},"branchMap":{},"s":{"0":3,"1":3,"2":3,"3":3,"4":3,"5":3,"6":3,"7":3,"8":3,"9":3},"f":{},"b":{}}
,"C:\\Users\\pc2\\פיתוח אפלקציות\\TravelIL\\Project\\src\\routes\\post_route.ts": {"path":"C:\\Users\\pc2\\פיתוח אפלקציות\\TravelIL\\Project\\src\\routes\\post_route.ts","statementMap":{"0":{"start":{"line":1,"column":0},"end":{"line":1,"column":30}},"1":{"start":{"line":2,"column":15},"end":{"line":2,"column":31}},"2":{"start":{"line":3,"column":0},"end":{"line":3,"column":60}},"3":{"start":{"line":4,"column":0},"end":{"line":4,"column":55}},"4":{"start":{"line":44,"column":0},"end":{"line":44,"column":57}},"5":{"start":{"line":69,"column":0},"end":{"line":69,"column":64}},"6":{"start":{"line":95,"column":0},"end":{"line":95,"column":75}},"7":{"start":{"line":130,"column":0},"end":{"line":130,"column":80}},"8":{"start":{"line":156,"column":0},"end":{"line":156,"column":86}},"9":{"start":{"line":158,"column":0},"end":{"line":158,"column":22}}},"fnMap":{},"branchMap":{},"s":{"0":3,"1":3,"2":3,"3":3,"4":3,"5":3,"6":3,"7":3,"8":3,"9":3},"f":{},"b":{}}
,"C:\\Users\\pc2\\פיתוח אפלקציות\\TravelIL\\Project\\src\\routes\\user_route.ts": {"path":"C:\\Users\\pc2\\פיתוח אפלקציות\\TravelIL\\Project\\src\\routes\\user_route.ts","statementMap":{"0":{"start":{"line":1,"column":0},"end":{"line":1,"column":30}},"1":{"start":{"line":2,"column":15},"end":{"line":2,"column":31}},"2":{"start":{"line":3,"column":0},"end":{"line":3,"column":60}},"3":{"start":{"line":4,"column":0},"end":{"line":4,"column":55}},"4":{"start":{"line":40,"column":0},"end":{"line":40,"column":73}},"5":{"start":{"line":42,"column":0},"end":{"line":42,"column":80}},"6":{"start":{"line":44,"column":0},"end":{"line":44,"column":75}},"7":{"start":{"line":46,"column":0},"end":{"line":46,"column":80}},"8":{"start":{"line":48,"column":0},"end":{"line":48,"column":86}},"9":{"start":{"line":50,"column":0},"end":{"line":50,"column":22}}},"fnMap":{},"branchMap":{},"s":{"0":3,"1":3,"2":3,"3":3,"4":3,"5":3,"6":3,"7":3,"8":3,"9":3},"f":{},"b":{}}
}
