{"C:\\Users\\yarin\\Desktop\\Project IL-land\\Project\\src\\app.ts": {"path":"C:\\Users\\yarin\\Desktop\\Project IL-land\\Project\\src\\app.ts","statementMap":{"0":{"start":{"line":1,"column":0},"end":{"line":1,"column":25}},"1":{"start":{"line":2,"column":0},"end":{"line":2,"column":13}},"2":{"start":{"line":3,"column":0},"end":{"line":3,"column":43}},"3":{"start":{"line":4,"column":0},"end":{"line":4,"column":32}},"4":{"start":{"line":5,"column":0},"end":{"line":5,"column":37}},"5":{"start":{"line":7,"column":0},"end":{"line":7,"column":51}},"6":{"start":{"line":8,"column":0},"end":{"line":8,"column":44}},"7":{"start":{"line":9,"column":0},"end":{"line":9,"column":44}},"8":{"start":{"line":11,"column":16},"end":{"line":37,"column":1}},"9":{"start":{"line":12,"column":18},"end":{"line":35,"column":4}},"10":{"start":{"line":13,"column":15},"end":{"line":13,"column":34}},"11":{"start":{"line":14,"column":4},"end":{"line":14,"column":64}},"12":{"start":{"line":14,"column":26},"end":{"line":14,"column":62}},"13":{"start":{"line":15,"column":4},"end":{"line":15,"column":52}},"14":{"start":{"line":15,"column":30},"end":{"line":15,"column":50}},"15":{"start":{"line":16,"column":16},"end":{"line":16,"column":34}},"16":{"start":{"line":17,"column":4},"end":{"line":34,"column":7}},"17":{"start":{"line":18,"column":18},"end":{"line":18,"column":27}},"18":{"start":{"line":19,"column":6},"end":{"line":19,"column":33}},"19":{"start":{"line":20,"column":6},"end":{"line":20,"column":57}},"20":{"start":{"line":21,"column":6},"end":{"line":27,"column":null}},"21":{"start":{"line":22,"column":8},"end":{"line":22,"column":55}},"22":{"start":{"line":23,"column":8},"end":{"line":23,"column":56}},"23":{"start":{"line":24,"column":8},"end":{"line":24,"column":56}},"24":{"start":{"line":25,"column":8},"end":{"line":25,"column":63}},"25":{"start":{"line":26,"column":8},"end":{"line":26,"column":15}},"26":{"start":{"line":29,"column":6},"end":{"line":29,"column":33}},"27":{"start":{"line":30,"column":6},"end":{"line":30,"column":48}},"28":{"start":{"line":31,"column":6},"end":{"line":31,"column":34}},"29":{"start":{"line":32,"column":6},"end":{"line":32,"column":51}},"30":{"start":{"line":33,"column":6},"end":{"line":33,"column":19}},"31":{"start":{"line":36,"column":2},"end":{"line":36,"column":17}},"32":{"start":{"line":39,"column":0},"end":{"line":39,"column":23}}},"fnMap":{"0":{"name":"(anonymous_1)","decl":{"start":{"line":11,"column":16},"end":{"line":11,"column":37}},"loc":{"start":{"line":11,"column":39},"end":{"line":37,"column":1}}},"1":{"name":"(anonymous_2)","decl":{"start":{"line":12,"column":39},"end":{"line":12,"column":40}},"loc":{"start":{"line":12,"column":51},"end":{"line":35,"column":3}}},"2":{"name":"(anonymous_3)","decl":{"start":{"line":14,"column":20},"end":{"line":14,"column":23}},"loc":{"start":{"line":14,"column":26},"end":{"line":14,"column":62}}},"3":{"name":"(anonymous_4)","decl":{"start":{"line":15,"column":19},"end":{"line":15,"column":20}},"loc":{"start":{"line":15,"column":30},"end":{"line":15,"column":50}}},"4":{"name":"(anonymous_5)","decl":{"start":{"line":17,"column":32},"end":{"line":17,"column":35}},"loc":{"start":{"line":17,"column":37},"end":{"line":34,"column":5}}},"5":{"name":"(anonymous_6)","decl":{"start":{"line":21,"column":14},"end":{"line":21,"column":15}},"loc":{"start":{"line":21,"column":33},"end":{"line":27,"column":7}}}},"branchMap":{},"s":{"0":3,"1":3,"2":3,"3":3,"4":3,"5":3,"6":3,"7":3,"8":3,"9":3,"10":3,"11":3,"12":3,"13":3,"14":0,"15":3,"16":3,"17":3,"18":3,"19":3,"20":3,"21":43,"22":43,"23":43,"24":43,"25":43,"26":3,"27":3,"28":3,"29":3,"30":3,"31":3,"32":3},"f":{"0":3,"1":3,"2":3,"3":0,"4":3,"5":43},"b":{}}
,"C:\\Users\\yarin\\Desktop\\Project IL-land\\Project\\src\\common\\auth_middleware.ts": {"path":"C:\\Users\\yarin\\Desktop\\Project IL-land\\Project\\src\\common\\auth_middleware.ts","statementMap":{"0":{"start":{"line":2,"column":0},"end":{"line":2,"column":31}},"1":{"start":{"line":8,"column":23},"end":{"line":18,"column":1}},"2":{"start":{"line":9,"column":23},"end":{"line":9,"column":51}},"3":{"start":{"line":10,"column":18},"end":{"line":10,"column":56}},"4":{"start":{"line":11,"column":4},"end":{"line":11,"column":50}},"5":{"start":{"line":11,"column":23},"end":{"line":11,"column":50}},"6":{"start":{"line":12,"column":4},"end":{"line":17,"column":7}},"7":{"start":{"line":13,"column":8},"end":{"line":13,"column":25}},"8":{"start":{"line":14,"column":8},"end":{"line":14,"column":44}},"9":{"start":{"line":14,"column":17},"end":{"line":14,"column":44}},"10":{"start":{"line":15,"column":8},"end":{"line":15,"column":43}},"11":{"start":{"line":16,"column":8},"end":{"line":16,"column":15}},"12":{"start":{"line":20,"column":0},"end":{"line":20,"column":30}}},"fnMap":{"0":{"name":"(anonymous_1)","decl":{"start":{"line":8,"column":23},"end":{"line":8,"column":24}},"loc":{"start":{"line":8,"column":79},"end":{"line":18,"column":1}}},"1":{"name":"(anonymous_2)","decl":{"start":{"line":12,"column":46},"end":{"line":12,"column":47}},"loc":{"start":{"line":12,"column":60},"end":{"line":17,"column":5}}}},"branchMap":{"0":{"loc":{"start":{"line":10,"column":18},"end":{"line":10,"column":56}},"type":"binary-expr","locations":[{"start":{"line":10,"column":18},"end":{"line":10,"column":28}},{"start":{"line":10,"column":32},"end":{"line":10,"column":56}}]},"1":{"loc":{"start":{"line":11,"column":4},"end":{"line":11,"column":50}},"type":"if","locations":[{"start":{"line":11,"column":4},"end":{"line":11,"column":50}}]},"2":{"loc":{"start":{"line":14,"column":8},"end":{"line":14,"column":44}},"type":"if","locations":[{"start":{"line":14,"column":8},"end":{"line":14,"column":44}}]}},"s":{"0":3,"1":3,"2":15,"3":15,"4":15,"5":1,"6":14,"7":14,"8":14,"9":2,"10":12,"11":12,"12":3},"f":{"0":15,"1":14},"b":{"0":[15,14],"1":[1],"2":[2]}}
,"C:\\Users\\yarin\\Desktop\\Project IL-land\\Project\\src\\controllers\\auth_controller.ts": {"path":"C:\\Users\\yarin\\Desktop\\Project IL-land\\Project\\src\\controllers\\auth_controller.ts","statementMap":{"0":{"start":{"line":2,"column":0},"end":{"line":2,"column":51}},"1":{"start":{"line":3,"column":0},"end":{"line":3,"column":28}},"2":{"start":{"line":4,"column":0},"end":{"line":4,"column":31}},"3":{"start":{"line":7,"column":17},"end":{"line":38,"column":null}},"4":{"start":{"line":7,"column":55},"end":{"line":38,"column":null}},"5":{"start":{"line":8,"column":18},"end":{"line":8,"column":32}},"6":{"start":{"line":9,"column":21},"end":{"line":9,"column":38}},"7":{"start":{"line":10,"column":19},"end":{"line":10,"column":34}},"8":{"start":{"line":11,"column":4},"end":{"line":13,"column":5}},"9":{"start":{"line":12,"column":8},"end":{"line":12,"column":65}},"10":{"start":{"line":14,"column":4},"end":{"line":37,"column":5}},"11":{"start":{"line":15,"column":19},"end":{"line":15,"column":57}},"12":{"start":{"line":16,"column":8},"end":{"line":18,"column":9}},"13":{"start":{"line":17,"column":12},"end":{"line":17,"column":64}},"14":{"start":{"line":19,"column":21},"end":{"line":19,"column":45}},"15":{"start":{"line":20,"column":34},"end":{"line":20,"column":67}},"16":{"start":{"line":21,"column":20},"end":{"line":26,"column":14}},"17":{"start":{"line":27,"column":23},"end":{"line":27,"column":48}},"18":{"start":{"line":28,"column":8},"end":{"line":34,"column":null}},"19":{"start":{"line":36,"column":8},"end":{"line":36,"column":71}},"20":{"start":{"line":40,"column":23},"end":{"line":53,"column":null}},"21":{"start":{"line":40,"column":56},"end":{"line":53,"column":null}},"22":{"start":{"line":41,"column":24},"end":{"line":41,"column":118}},"23":{"start":{"line":42,"column":25},"end":{"line":42,"column":84}},"24":{"start":{"line":43,"column":4},"end":{"line":47,"column":5}},"25":{"start":{"line":44,"column":8},"end":{"line":44,"column":44}},"26":{"start":{"line":46,"column":8},"end":{"line":46,"column":46}},"27":{"start":{"line":48,"column":4},"end":{"line":48,"column":22}},"28":{"start":{"line":49,"column":4},"end":{"line":52,"column":6}},"29":{"start":{"line":55,"column":14},"end":{"line":76,"column":null}},"30":{"start":{"line":55,"column":52},"end":{"line":76,"column":null}},"31":{"start":{"line":56,"column":18},"end":{"line":56,"column":32}},"32":{"start":{"line":57,"column":21},"end":{"line":57,"column":38}},"33":{"start":{"line":58,"column":4},"end":{"line":60,"column":5}},"34":{"start":{"line":59,"column":8},"end":{"line":59,"column":65}},"35":{"start":{"line":61,"column":4},"end":{"line":75,"column":5}},"36":{"start":{"line":62,"column":21},"end":{"line":62,"column":59}},"37":{"start":{"line":63,"column":8},"end":{"line":65,"column":9}},"38":{"start":{"line":64,"column":12},"end":{"line":64,"column":71}},"39":{"start":{"line":66,"column":22},"end":{"line":66,"column":67}},"40":{"start":{"line":67,"column":8},"end":{"line":69,"column":9}},"41":{"start":{"line":68,"column":12},"end":{"line":68,"column":71}},"42":{"start":{"line":71,"column":23},"end":{"line":71,"column":49}},"43":{"start":{"line":72,"column":8},"end":{"line":72,"column":44}},"44":{"start":{"line":74,"column":8},"end":{"line":74,"column":71}},"45":{"start":{"line":78,"column":15},"end":{"line":100,"column":null}},"46":{"start":{"line":78,"column":53},"end":{"line":100,"column":null}},"47":{"start":{"line":79,"column":23},"end":{"line":79,"column":51}},"48":{"start":{"line":80,"column":25},"end":{"line":80,"column":63}},"49":{"start":{"line":81,"column":4},"end":{"line":81,"column":57}},"50":{"start":{"line":81,"column":30},"end":{"line":81,"column":57}},"51":{"start":{"line":82,"column":4},"end":{"line":99,"column":7}},"52":{"start":{"line":82,"column":100},"end":{"line":99,"column":6}},"53":{"start":{"line":83,"column":8},"end":{"line":83,"column":25}},"54":{"start":{"line":84,"column":8},"end":{"line":84,"column":44}},"55":{"start":{"line":84,"column":17},"end":{"line":84,"column":44}},"56":{"start":{"line":85,"column":8},"end":{"line":98,"column":9}},"57":{"start":{"line":86,"column":27},"end":{"line":86,"column":66}},"58":{"start":{"line":87,"column":12},"end":{"line":95,"column":13}},"59":{"start":{"line":88,"column":16},"end":{"line":88,"column":42}},"60":{"start":{"line":89,"column":16},"end":{"line":89,"column":36}},"61":{"start":{"line":90,"column":16},"end":{"line":90,"column":43}},"62":{"start":{"line":92,"column":16},"end":{"line":92,"column":92}},"63":{"start":{"line":92,"column":72},"end":{"line":92,"column":90}},"64":{"start":{"line":93,"column":16},"end":{"line":93,"column":36}},"65":{"start":{"line":94,"column":16},"end":{"line":94,"column":43}},"66":{"start":{"line":97,"column":12},"end":{"line":97,"column":50}},"67":{"start":{"line":102,"column":16},"end":{"line":131,"column":null}},"68":{"start":{"line":102,"column":54},"end":{"line":131,"column":null}},"69":{"start":{"line":103,"column":23},"end":{"line":103,"column":51}},"70":{"start":{"line":104,"column":25},"end":{"line":104,"column":63}},"71":{"start":{"line":105,"column":4},"end":{"line":105,"column":57}},"72":{"start":{"line":105,"column":30},"end":{"line":105,"column":57}},"73":{"start":{"line":106,"column":4},"end":{"line":130,"column":7}},"74":{"start":{"line":106,"column":100},"end":{"line":130,"column":6}},"75":{"start":{"line":107,"column":8},"end":{"line":110,"column":9}},"76":{"start":{"line":108,"column":12},"end":{"line":108,"column":29}},"77":{"start":{"line":109,"column":12},"end":{"line":109,"column":39}},"78":{"start":{"line":111,"column":8},"end":{"line":129,"column":9}},"79":{"start":{"line":112,"column":27},"end":{"line":112,"column":66}},"80":{"start":{"line":113,"column":12},"end":{"line":117,"column":13}},"81":{"start":{"line":114,"column":16},"end":{"line":114,"column":42}},"82":{"start":{"line":115,"column":16},"end":{"line":115,"column":36}},"83":{"start":{"line":116,"column":16},"end":{"line":116,"column":43}},"84":{"start":{"line":118,"column":32},"end":{"line":118,"column":126}},"85":{"start":{"line":119,"column":36},"end":{"line":119,"column":95}},"86":{"start":{"line":120,"column":12},"end":{"line":120,"column":88}},"87":{"start":{"line":120,"column":68},"end":{"line":120,"column":86}},"88":{"start":{"line":121,"column":12},"end":{"line":121,"column":55}},"89":{"start":{"line":122,"column":12},"end":{"line":122,"column":32}},"90":{"start":{"line":123,"column":12},"end":{"line":126,"column":15}},"91":{"start":{"line":128,"column":12},"end":{"line":128,"column":50}},"92":{"start":{"line":133,"column":0},"end":{"line":138,"column":null}}},"fnMap":{"0":{"name":"(anonymous_8)","decl":{"start":{"line":7,"column":17},"end":{"line":7,"column":24}},"loc":{"start":{"line":7,"column":55},"end":{"line":38,"column":null}}},"1":{"name":"(anonymous_9)","decl":{"start":{"line":7,"column":55},"end":{"line":7,"column":null}},"loc":{"start":{"line":7,"column":55},"end":{"line":38,"column":1}}},"2":{"name":"(anonymous_10)","decl":{"start":{"line":40,"column":23},"end":{"line":40,"column":30}},"loc":{"start":{"line":40,"column":56},"end":{"line":53,"column":null}}},"3":{"name":"(anonymous_11)","decl":{"start":{"line":40,"column":56},"end":{"line":40,"column":null}},"loc":{"start":{"line":40,"column":56},"end":{"line":53,"column":1}}},"4":{"name":"(anonymous_12)","decl":{"start":{"line":55,"column":14},"end":{"line":55,"column":21}},"loc":{"start":{"line":55,"column":52},"end":{"line":76,"column":null}}},"5":{"name":"(anonymous_13)","decl":{"start":{"line":55,"column":52},"end":{"line":55,"column":null}},"loc":{"start":{"line":55,"column":52},"end":{"line":76,"column":1}}},"6":{"name":"(anonymous_14)","decl":{"start":{"line":78,"column":15},"end":{"line":78,"column":22}},"loc":{"start":{"line":78,"column":53},"end":{"line":100,"column":null}}},"7":{"name":"(anonymous_15)","decl":{"start":{"line":78,"column":53},"end":{"line":78,"column":null}},"loc":{"start":{"line":78,"column":53},"end":{"line":100,"column":1}}},"8":{"name":"(anonymous_16)","decl":{"start":{"line":82,"column":61},"end":{"line":82,"column":68}},"loc":{"start":{"line":82,"column":100},"end":{"line":99,"column":6}}},"9":{"name":"(anonymous_17)","decl":{"start":{"line":82,"column":100},"end":{"line":82,"column":null}},"loc":{"start":{"line":82,"column":100},"end":{"line":99,"column":5}}},"10":{"name":"(anonymous_18)","decl":{"start":{"line":92,"column":67},"end":{"line":92,"column":68}},"loc":{"start":{"line":92,"column":72},"end":{"line":92,"column":90}}},"11":{"name":"(anonymous_19)","decl":{"start":{"line":102,"column":16},"end":{"line":102,"column":23}},"loc":{"start":{"line":102,"column":54},"end":{"line":131,"column":null}}},"12":{"name":"(anonymous_20)","decl":{"start":{"line":102,"column":54},"end":{"line":102,"column":null}},"loc":{"start":{"line":102,"column":54},"end":{"line":131,"column":1}}},"13":{"name":"(anonymous_21)","decl":{"start":{"line":106,"column":61},"end":{"line":106,"column":68}},"loc":{"start":{"line":106,"column":100},"end":{"line":130,"column":6}}},"14":{"name":"(anonymous_22)","decl":{"start":{"line":106,"column":100},"end":{"line":106,"column":null}},"loc":{"start":{"line":106,"column":100},"end":{"line":130,"column":5}}},"15":{"name":"(anonymous_23)","decl":{"start":{"line":120,"column":63},"end":{"line":120,"column":64}},"loc":{"start":{"line":120,"column":68},"end":{"line":120,"column":86}}}},"branchMap":{"0":{"loc":{"start":{"line":11,"column":4},"end":{"line":13,"column":5}},"type":"if","locations":[{"start":{"line":11,"column":4},"end":{"line":13,"column":5}}]},"1":{"loc":{"start":{"line":11,"column":8},"end":{"line":11,"column":27}},"type":"binary-expr","locations":[{"start":{"line":11,"column":8},"end":{"line":11,"column":14}},{"start":{"line":11,"column":18},"end":{"line":11,"column":27}}]},"2":{"loc":{"start":{"line":16,"column":8},"end":{"line":18,"column":9}},"type":"if","locations":[{"start":{"line":16,"column":8},"end":{"line":18,"column":9}}]},"3":{"loc":{"start":{"line":43,"column":4},"end":{"line":47,"column":5}},"type":"if","locations":[{"start":{"line":43,"column":4},"end":{"line":47,"column":5}},{"start":{"line":45,"column":11},"end":{"line":47,"column":5}}]},"4":{"loc":{"start":{"line":58,"column":4},"end":{"line":60,"column":5}},"type":"if","locations":[{"start":{"line":58,"column":4},"end":{"line":60,"column":5}}]},"5":{"loc":{"start":{"line":58,"column":8},"end":{"line":58,"column":27}},"type":"binary-expr","locations":[{"start":{"line":58,"column":8},"end":{"line":58,"column":14}},{"start":{"line":58,"column":18},"end":{"line":58,"column":27}}]},"6":{"loc":{"start":{"line":63,"column":8},"end":{"line":65,"column":9}},"type":"if","locations":[{"start":{"line":63,"column":8},"end":{"line":65,"column":9}}]},"7":{"loc":{"start":{"line":67,"column":8},"end":{"line":69,"column":9}},"type":"if","locations":[{"start":{"line":67,"column":8},"end":{"line":69,"column":9}}]},"8":{"loc":{"start":{"line":80,"column":25},"end":{"line":80,"column":63}},"type":"binary-expr","locations":[{"start":{"line":80,"column":25},"end":{"line":80,"column":35}},{"start":{"line":80,"column":39},"end":{"line":80,"column":63}}]},"9":{"loc":{"start":{"line":81,"column":4},"end":{"line":81,"column":57}},"type":"if","locations":[{"start":{"line":81,"column":4},"end":{"line":81,"column":57}}]},"10":{"loc":{"start":{"line":84,"column":8},"end":{"line":84,"column":44}},"type":"if","locations":[{"start":{"line":84,"column":8},"end":{"line":84,"column":44}}]},"11":{"loc":{"start":{"line":87,"column":12},"end":{"line":95,"column":13}},"type":"if","locations":[{"start":{"line":87,"column":12},"end":{"line":95,"column":13}},{"start":{"line":91,"column":19},"end":{"line":95,"column":13}}]},"12":{"loc":{"start":{"line":87,"column":16},"end":{"line":87,"column":85}},"type":"binary-expr","locations":[{"start":{"line":87,"column":16},"end":{"line":87,"column":37}},{"start":{"line":87,"column":41},"end":{"line":87,"column":85}}]},"13":{"loc":{"start":{"line":104,"column":25},"end":{"line":104,"column":63}},"type":"binary-expr","locations":[{"start":{"line":104,"column":25},"end":{"line":104,"column":35}},{"start":{"line":104,"column":39},"end":{"line":104,"column":63}}]},"14":{"loc":{"start":{"line":105,"column":4},"end":{"line":105,"column":57}},"type":"if","locations":[{"start":{"line":105,"column":4},"end":{"line":105,"column":57}}]},"15":{"loc":{"start":{"line":107,"column":8},"end":{"line":110,"column":9}},"type":"if","locations":[{"start":{"line":107,"column":8},"end":{"line":110,"column":9}}]},"16":{"loc":{"start":{"line":113,"column":12},"end":{"line":117,"column":13}},"type":"if","locations":[{"start":{"line":113,"column":12},"end":{"line":117,"column":13}}]},"17":{"loc":{"start":{"line":113,"column":16},"end":{"line":113,"column":85}},"type":"binary-expr","locations":[{"start":{"line":113,"column":16},"end":{"line":113,"column":37}},{"start":{"line":113,"column":41},"end":{"line":113,"column":85}}]}},"s":{"0":3,"1":3,"2":3,"3":3,"4":11,"5":11,"6":11,"7":11,"8":11,"9":3,"10":8,"11":8,"12":8,"13":3,"14":5,"15":5,"16":5,"17":5,"18":5,"19":0,"20":3,"21":9,"22":9,"23":9,"24":9,"25":0,"26":9,"27":9,"28":9,"29":3,"30":8,"31":8,"32":8,"33":8,"34":4,"35":4,"36":4,"37":4,"38":0,"39":4,"40":4,"41":0,"42":4,"43":4,"44":0,"45":3,"46":1,"47":1,"48":1,"49":1,"50":0,"51":1,"52":1,"53":1,"54":1,"55":1,"56":0,"57":0,"58":0,"59":0,"60":0,"61":0,"62":0,"63":0,"64":0,"65":0,"66":0,"67":3,"68":3,"69":3,"70":3,"71":3,"72":0,"73":3,"74":3,"75":3,"76":0,"77":0,"78":3,"79":3,"80":3,"81":2,"82":2,"83":2,"84":1,"85":1,"86":1,"87":2,"88":1,"89":1,"90":1,"91":0,"92":3},"f":{"0":11,"1":11,"2":9,"3":9,"4":8,"5":8,"6":1,"7":1,"8":1,"9":1,"10":0,"11":3,"12":3,"13":3,"14":3,"15":2},"b":{"0":[3],"1":[11,10],"2":[3],"3":[0,9],"4":[4],"5":[8,6],"6":[0],"7":[0],"8":[1,1],"9":[0],"10":[1],"11":[0,0],"12":[0,0],"13":[3,3],"14":[0],"15":[0],"16":[2],"17":[3,3]}}
,"C:\\Users\\yarin\\Desktop\\Project IL-land\\Project\\src\\controllers\\base_controller.ts": {"path":"C:\\Users\\yarin\\Desktop\\Project IL-land\\Project\\src\\controllers\\base_controller.ts","statementMap":{"0":{"start":{"line":8,"column":8},"end":{"line":8,"column":27}},"1":{"start":{"line":12,"column":8},"end":{"line":12,"column":38}},"2":{"start":{"line":13,"column":8},"end":{"line":24,"column":9}},"3":{"start":{"line":14,"column":12},"end":{"line":20,"column":13}},"4":{"start":{"line":15,"column":33},"end":{"line":15,"column":80}},"5":{"start":{"line":16,"column":16},"end":{"line":16,"column":35}},"6":{"start":{"line":18,"column":33},"end":{"line":18,"column":56}},"7":{"start":{"line":19,"column":16},"end":{"line":19,"column":35}},"8":{"start":{"line":23,"column":12},"end":{"line":23,"column":59}},"9":{"start":{"line":28,"column":8},"end":{"line":28,"column":55}},"10":{"start":{"line":29,"column":8},"end":{"line":34,"column":9}},"11":{"start":{"line":30,"column":28},"end":{"line":30,"column":68}},"12":{"start":{"line":31,"column":12},"end":{"line":31,"column":30}},"13":{"start":{"line":33,"column":12},"end":{"line":33,"column":59}},"14":{"start":{"line":38,"column":8},"end":{"line":38,"column":47}},"15":{"start":{"line":39,"column":8},"end":{"line":45,"column":9}},"16":{"start":{"line":40,"column":12},"end":{"line":40,"column":46}},"17":{"start":{"line":41,"column":12},"end":{"line":41,"column":39}},"18":{"start":{"line":43,"column":12},"end":{"line":43,"column":29}},"19":{"start":{"line":44,"column":12},"end":{"line":44,"column":57}},"20":{"start":{"line":49,"column":8},"end":{"line":49,"column":46}},"21":{"start":{"line":50,"column":8},"end":{"line":57,"column":9}},"22":{"start":{"line":51,"column":12},"end":{"line":51,"column":72}},"23":{"start":{"line":52,"column":24},"end":{"line":52,"column":64}},"24":{"start":{"line":53,"column":12},"end":{"line":53,"column":38}},"25":{"start":{"line":55,"column":12},"end":{"line":55,"column":29}},"26":{"start":{"line":56,"column":12},"end":{"line":56,"column":57}},"27":{"start":{"line":61,"column":8},"end":{"line":61,"column":46}},"28":{"start":{"line":62,"column":8},"end":{"line":68,"column":9}},"29":{"start":{"line":63,"column":12},"end":{"line":63,"column":62}},"30":{"start":{"line":64,"column":12},"end":{"line":64,"column":39}},"31":{"start":{"line":66,"column":12},"end":{"line":66,"column":29}},"32":{"start":{"line":67,"column":12},"end":{"line":67,"column":57}},"33":{"start":{"line":4,"column":0},"end":{"line":4,"column":13}},"34":{"start":{"line":72,"column":25},"end":{"line":74,"column":1}},"35":{"start":{"line":73,"column":4},"end":{"line":73,"column":49}},"36":{"start":{"line":76,"column":0},"end":{"line":76,"column":32}}},"fnMap":{"0":{"name":"(anonymous_7)","decl":{"start":{"line":7,"column":4},"end":{"line":7,"column":16}},"loc":{"start":{"line":7,"column":39},"end":{"line":9,"column":5}}},"1":{"name":"(anonymous_8)","decl":{"start":{"line":11,"column":10},"end":{"line":11,"column":13}},"loc":{"start":{"line":11,"column":41},"end":{"line":25,"column":null}}},"2":{"name":"(anonymous_10)","decl":{"start":{"line":27,"column":10},"end":{"line":27,"column":17}},"loc":{"start":{"line":27,"column":45},"end":{"line":35,"column":null}}},"3":{"name":"(anonymous_12)","decl":{"start":{"line":37,"column":10},"end":{"line":37,"column":14}},"loc":{"start":{"line":37,"column":42},"end":{"line":46,"column":null}}},"4":{"name":"(anonymous_14)","decl":{"start":{"line":48,"column":10},"end":{"line":48,"column":17}},"loc":{"start":{"line":48,"column":45},"end":{"line":58,"column":null}}},"5":{"name":"(anonymous_16)","decl":{"start":{"line":60,"column":10},"end":{"line":60,"column":20}},"loc":{"start":{"line":60,"column":48},"end":{"line":69,"column":null}}},"6":{"name":"(anonymous_18)","decl":{"start":{"line":72,"column":25},"end":{"line":72,"column":37}},"loc":{"start":{"line":72,"column":64},"end":{"line":74,"column":1}}}},"branchMap":{"0":{"loc":{"start":{"line":14,"column":12},"end":{"line":20,"column":13}},"type":"if","locations":[{"start":{"line":14,"column":12},"end":{"line":20,"column":13}},{"start":{"line":17,"column":19},"end":{"line":20,"column":13}}]}},"s":{"0":6,"1":8,"2":8,"3":8,"4":0,"5":0,"6":8,"7":8,"8":0,"9":1,"10":1,"11":1,"12":0,"13":1,"14":4,"15":4,"16":4,"17":0,"18":4,"19":4,"20":2,"21":2,"22":2,"23":0,"24":0,"25":2,"26":2,"27":1,"28":1,"29":1,"30":0,"31":1,"32":1,"33":3,"34":3,"35":3,"36":3},"f":{"0":6,"1":8,"2":1,"3":4,"4":2,"5":1,"6":3},"b":{"0":[0,8]}}
,"C:\\Users\\yarin\\Desktop\\Project IL-land\\Project\\src\\controllers\\post_controller.ts": {"path":"C:\\Users\\yarin\\Desktop\\Project IL-land\\Project\\src\\controllers\\post_controller.ts","statementMap":{"0":{"start":{"line":1,"column":0},"end":{"line":1,"column":65}},"1":{"start":{"line":2,"column":0},"end":{"line":2,"column":52}},"2":{"start":{"line":8,"column":8},"end":{"line":8,"column":27}},"3":{"start":{"line":12,"column":8},"end":{"line":12,"column":38}},"4":{"start":{"line":13,"column":8},"end":{"line":13,"column":36}},"5":{"start":{"line":17,"column":0},"end":{"line":17,"column":43}}},"fnMap":{"0":{"name":"(anonymous_8)","decl":{"start":{"line":7,"column":4},"end":{"line":7,"column":null}},"loc":{"start":{"line":7,"column":4},"end":{"line":9,"column":5}}},"1":{"name":"(anonymous_9)","decl":{"start":{"line":11,"column":10},"end":{"line":11,"column":14}},"loc":{"start":{"line":11,"column":46},"end":{"line":14,"column":null}}}},"branchMap":{},"s":{"0":3,"1":3,"2":3,"3":2,"4":2,"5":3},"f":{"0":3,"1":2},"b":{}}
,"C:\\Users\\yarin\\Desktop\\Project IL-land\\Project\\src\\controllers\\user_controller.ts": {"path":"C:\\Users\\yarin\\Desktop\\Project IL-land\\Project\\src\\controllers\\user_controller.ts","statementMap":{"0":{"start":{"line":1,"column":0},"end":{"line":1,"column":56}},"1":{"start":{"line":2,"column":0},"end":{"line":2,"column":49}},"2":{"start":{"line":4,"column":26},"end":{"line":4,"column":60}},"3":{"start":{"line":6,"column":0},"end":{"line":6,"column":null}}},"fnMap":{},"branchMap":{},"s":{"0":3,"1":3,"2":3,"3":3},"f":{},"b":{}}
,"C:\\Users\\yarin\\Desktop\\Project IL-land\\Project\\src\\models\\post_model.ts": {"path":"C:\\Users\\yarin\\Desktop\\Project IL-land\\Project\\src\\models\\post_model.ts","statementMap":{"0":{"start":{"line":1,"column":0},"end":{"line":1,"column":32}},"1":{"start":{"line":10,"column":26},"end":{"line":23,"column":2}},"2":{"start":{"line":25,"column":0},"end":{"line":25,"column":78}}},"fnMap":{},"branchMap":{},"s":{"0":3,"1":3,"2":3},"f":{},"b":{}}
,"C:\\Users\\yarin\\Desktop\\Project IL-land\\Project\\src\\models\\user_model.ts": {"path":"C:\\Users\\yarin\\Desktop\\Project IL-land\\Project\\src\\models\\user_model.ts","statementMap":{"0":{"start":{"line":1,"column":0},"end":{"line":1,"column":32}},"1":{"start":{"line":12,"column":19},"end":{"line":31,"column":2}},"2":{"start":{"line":33,"column":0},"end":{"line":33,"column":57}}},"fnMap":{},"branchMap":{},"s":{"0":3,"1":3,"2":3},"f":{},"b":{}}
,"C:\\Users\\yarin\\Desktop\\Project IL-land\\Project\\src\\routes\\auth_route.ts": {"path":"C:\\Users\\yarin\\Desktop\\Project IL-land\\Project\\src\\routes\\auth_route.ts","statementMap":{"0":{"start":{"line":1,"column":0},"end":{"line":1,"column":30}},"1":{"start":{"line":2,"column":15},"end":{"line":2,"column":31}},"2":{"start":{"line":3,"column":0},"end":{"line":3,"column":60}},"3":{"start":{"line":63,"column":0},"end":{"line":63,"column":50}},"4":{"start":{"line":107,"column":0},"end":{"line":107,"column":44}},"5":{"start":{"line":122,"column":0},"end":{"line":122,"column":45}},"6":{"start":{"line":123,"column":0},"end":{"line":123,"column":47}},"7":{"start":{"line":125,"column":0},"end":{"line":125,"column":22}}},"fnMap":{},"branchMap":{},"s":{"0":3,"1":3,"2":3,"3":3,"4":3,"5":3,"6":3,"7":3},"f":{},"b":{}}
,"C:\\Users\\yarin\\Desktop\\Project IL-land\\Project\\src\\routes\\post_route.ts": {"path":"C:\\Users\\yarin\\Desktop\\Project IL-land\\Project\\src\\routes\\post_route.ts","statementMap":{"0":{"start":{"line":1,"column":0},"end":{"line":1,"column":30}},"1":{"start":{"line":2,"column":15},"end":{"line":2,"column":31}},"2":{"start":{"line":3,"column":0},"end":{"line":3,"column":67}},"3":{"start":{"line":4,"column":0},"end":{"line":4,"column":55}},"4":{"start":{"line":6,"column":0},"end":{"line":6,"column":71}},"5":{"start":{"line":8,"column":0},"end":{"line":8,"column":78}},"6":{"start":{"line":10,"column":0},"end":{"line":10,"column":89}},"7":{"start":{"line":12,"column":0},"end":{"line":12,"column":94}},"8":{"start":{"line":14,"column":0},"end":{"line":14,"column":100}},"9":{"start":{"line":16,"column":0},"end":{"line":16,"column":22}}},"fnMap":{},"branchMap":{},"s":{"0":3,"1":3,"2":3,"3":3,"4":3,"5":3,"6":3,"7":3,"8":3,"9":3},"f":{},"b":{}}
,"C:\\Users\\yarin\\Desktop\\Project IL-land\\Project\\src\\routes\\user_route.ts": {"path":"C:\\Users\\yarin\\Desktop\\Project IL-land\\Project\\src\\routes\\user_route.ts","statementMap":{"0":{"start":{"line":1,"column":0},"end":{"line":1,"column":30}},"1":{"start":{"line":2,"column":15},"end":{"line":2,"column":31}},"2":{"start":{"line":3,"column":0},"end":{"line":3,"column":63}},"3":{"start":{"line":4,"column":0},"end":{"line":4,"column":55}},"4":{"start":{"line":6,"column":0},"end":{"line":6,"column":79}},"5":{"start":{"line":8,"column":0},"end":{"line":8,"column":86}},"6":{"start":{"line":10,"column":0},"end":{"line":10,"column":81}},"7":{"start":{"line":12,"column":0},"end":{"line":12,"column":86}},"8":{"start":{"line":14,"column":0},"end":{"line":14,"column":92}},"9":{"start":{"line":16,"column":0},"end":{"line":16,"column":22}}},"fnMap":{},"branchMap":{},"s":{"0":3,"1":3,"2":3,"3":3,"4":3,"5":3,"6":3,"7":3,"8":3,"9":3},"f":{},"b":{}}
}
