TN:
SF:src\app.ts
FN:13,(anonymous_1)
FN:14,(anonymous_2)
FN:16,(anonymous_3)
FN:17,(anonymous_4)
FN:19,(anonymous_5)
FN:23,(anonymous_6)
FNF:6
FNH:5
FNDA:4,(anonymous_1)
FNDA:4,(anonymous_2)
FNDA:4,(anonymous_3)
FNDA:0,(anonymous_4)
FNDA:4,(anonymous_5)
FNDA:56,(anonymous_6)
DA:1,4
DA:2,4
DA:3,4
DA:4,4
DA:5,4
DA:7,4
DA:8,4
DA:9,4
DA:10,4
DA:11,4
DA:13,4
DA:14,4
DA:15,4
DA:16,4
DA:17,4
DA:18,4
DA:19,4
DA:20,4
DA:21,4
DA:22,4
DA:23,4
DA:24,56
DA:25,56
DA:26,56
DA:27,56
DA:30,4
DA:31,4
DA:32,4
DA:33,4
DA:34,4
DA:35,4
DA:36,4
DA:39,4
DA:42,4
LF:34
LH:34
BRF:0
BRH:0
end_of_record
TN:
SF:src\common\auth_middleware.ts
FN:8,(anonymous_1)
FN:12,(anonymous_2)
FNF:2
FNH:2
FNDA:19,(anonymous_1)
FNDA:16,(anonymous_2)
DA:2,4
DA:8,4
DA:9,19
DA:10,19
DA:11,19
DA:12,16
DA:13,16
DA:14,16
DA:15,12
DA:16,12
DA:20,4
LF:11
LH:11
BRDA:10,0,0,19
BRDA:10,0,1,16
BRDA:11,1,0,3
BRDA:14,2,0,4
BRF:4
BRH:4
end_of_record
TN:
SF:src\controllers\auth_controller.ts
FN:11,(anonymous_1)
FN:54,(anonymous_2)
FN:99,(anonymous_3)
FN:116,(anonymous_4)
FN:147,(anonymous_5)
FN:151,(anonymous_6)
FN:161,(anonymous_7)
FN:172,(anonymous_8)
FN:176,(anonymous_9)
FN:190,(anonymous_10)
FNF:10
FNH:8
FNDA:0,(anonymous_1)
FNDA:11,(anonymous_2)
FNDA:6,(anonymous_3)
FNDA:11,(anonymous_4)
FNDA:2,(anonymous_5)
FNDA:1,(anonymous_6)
FNDA:0,(anonymous_7)
FNDA:6,(anonymous_8)
FNDA:5,(anonymous_9)
FNDA:1,(anonymous_10)
DA:2,4
DA:3,4
DA:4,4
DA:6,4
DA:8,4
DA:10,4
DA:11,4
DA:12,0
DA:13,0
DA:14,0
DA:18,0
DA:19,0
DA:20,0
DA:21,0
DA:22,0
DA:23,0
DA:31,0
DA:32,0
DA:36,0
DA:40,0
DA:48,0
DA:51,0
DA:54,4
DA:55,11
DA:56,11
DA:57,11
DA:58,11
DA:59,11
DA:60,7
DA:62,4
DA:63,4
DA:64,4
DA:65,1
DA:67,3
DA:68,3
DA:69,3
DA:76,3
DA:77,3
DA:81,3
DA:85,3
DA:95,0
DA:99,4
DA:100,6
DA:103,6
DA:104,6
DA:105,0
DA:106,6
DA:107,3
DA:109,6
DA:110,6
DA:116,4
DA:117,11
DA:118,11
DA:119,11
DA:120,4
DA:122,7
DA:123,7
DA:124,7
DA:125,4
DA:127,3
DA:128,3
DA:129,0
DA:132,3
DA:133,3
DA:137,3
DA:141,3
DA:143,0
DA:147,4
DA:148,2
DA:149,2
DA:150,2
DA:151,1
DA:152,1
DA:153,1
DA:154,0
DA:155,0
DA:156,0
DA:157,0
DA:158,0
DA:159,0
DA:161,0
DA:162,0
DA:163,0
DA:166,0
DA:172,4
DA:173,6
DA:174,6
DA:175,6
DA:176,5
DA:177,5
DA:178,1
DA:179,1
DA:181,4
DA:182,4
DA:183,3
DA:184,2
DA:185,2
DA:186,2
DA:188,1
DA:189,1
DA:190,1
DA:191,1
DA:192,1
DA:194,1
DA:198,1
DA:203,1
DA:208,1
DA:214,4
LF:108
LH:79
BRDA:19,0,0,0
BRDA:19,0,1,0
BRDA:19,1,0,0
BRDA:19,1,1,0
BRDA:20,2,0,0
BRDA:22,3,0,0
BRDA:25,4,0,0
BRDA:25,4,1,0
BRDA:25,5,0,0
BRDA:25,5,1,0
BRDA:27,6,0,0
BRDA:27,6,1,0
BRDA:27,7,0,0
BRDA:27,7,1,0
BRDA:59,8,0,7
BRDA:59,9,0,11
BRDA:59,9,1,9
BRDA:59,9,2,6
BRDA:64,10,0,1
BRDA:104,11,0,0
BRDA:104,11,1,6
BRDA:106,12,0,3
BRDA:119,13,0,4
BRDA:119,14,0,11
BRDA:119,14,1,9
BRDA:124,15,0,4
BRDA:128,16,0,0
BRDA:149,17,0,2
BRDA:149,17,1,1
BRDA:150,18,0,1
BRDA:153,19,0,1
BRDA:156,20,0,0
BRDA:156,20,1,0
BRDA:156,21,0,0
BRDA:156,21,1,0
BRDA:174,22,0,6
BRDA:174,22,1,5
BRDA:175,23,0,1
BRDA:177,24,0,1
BRDA:183,25,0,2
BRDA:183,26,0,3
BRDA:183,26,1,3
BRF:42
BRH:22
end_of_record
TN:
SF:src\controllers\base_controller.ts
FN:6,(anonymous_0)
FN:19,(anonymous_1)
FN:28,(anonymous_2)
FN:37,(anonymous_3)
FN:45,(anonymous_4)
FN:57,(anonymous_5)
FNF:6
FNH:3
FNDA:12,(anonymous_0)
FNDA:0,(anonymous_1)
FNDA:8,(anonymous_2)
FNDA:1,(anonymous_3)
FNDA:0,(anonymous_4)
FNDA:0,(anonymous_5)
DA:4,4
DA:7,12
DA:20,0
DA:21,0
DA:22,0
DA:24,0
DA:29,8
DA:30,8
DA:31,4
DA:33,4
DA:38,1
DA:39,1
DA:40,0
DA:42,1
DA:46,0
DA:47,0
DA:48,0
DA:50,0
DA:57,4
DA:58,0
DA:61,4
LF:21
LH:11
BRF:0
BRH:0
end_of_record
TN:
SF:src\controllers\comment_controller.ts
FN:8,(anonymous_1)
FN:12,(anonymous_2)
FNF:2
FNH:1
FNDA:4,(anonymous_1)
FNDA:0,(anonymous_2)
DA:1,4
DA:2,4
DA:3,4
DA:9,4
DA:13,0
DA:14,0
DA:15,0
DA:17,0
DA:18,0
DA:19,0
DA:20,0
DA:23,0
DA:29,0
DA:31,0
DA:32,0
DA:34,0
DA:40,4
LF:17
LH:5
BRDA:18,0,0,0
BRF:1
BRH:0
end_of_record
TN:
SF:src\controllers\post_controller.ts
FN:8,(anonymous_1)
FN:12,(anonymous_2)
FN:27,(anonymous_3)
FN:34,(anonymous_4)
FN:77,(anonymous_5)
FNF:5
FNH:5
FNDA:4,(anonymous_1)
FNDA:3,(anonymous_2)
FNDA:4,(anonymous_3)
FNDA:1,(anonymous_4)
FNDA:6,(anonymous_5)
DA:1,4
DA:3,4
DA:9,4
DA:13,3
DA:14,3
DA:15,3
DA:26,3
DA:27,4
DA:29,3
DA:31,0
DA:35,1
DA:36,1
DA:37,0
DA:38,0
DA:46,0
DA:48,0
DA:51,1
DA:52,1
DA:78,6
DA:79,6
DA:80,6
DA:82,6
DA:102,4
LF:23
LH:18
BRDA:37,0,0,0
BRDA:37,0,1,0
BRF:2
BRH:0
end_of_record
TN:
SF:src\controllers\user_controller.ts
FN:7,(anonymous_2)
FN:11,(anonymous_3)
FN:30,(anonymous_4)
FNF:3
FNH:2
FNDA:4,(anonymous_2)
FNDA:3,(anonymous_3)
FNDA:0,(anonymous_4)
DA:1,4
DA:2,4
DA:8,4
DA:12,3
DA:13,3
DA:15,3
DA:16,3
DA:22,3
DA:24,0
DA:31,0
DA:32,0
DA:34,0
DA:35,0
DA:38,0
DA:39,0
DA:41,0
DA:46,4
LF:17
LH:9
BRF:0
BRH:0
end_of_record
TN:
SF:src\models\comment_model.ts
FNF:0
FNH:0
DA:1,4
DA:11,4
DA:33,4
LF:3
LH:3
BRF:0
BRH:0
end_of_record
TN:
SF:src\models\post_model.ts
FNF:0
FNH:0
DA:1,4
DA:12,4
DA:37,4
LF:3
LH:3
BRF:0
BRH:0
end_of_record
TN:
SF:src\models\user_model.ts
FNF:0
FNH:0
DA:1,4
DA:12,4
DA:33,4
LF:3
LH:3
BRF:0
BRH:0
end_of_record
TN:
SF:src\routes\auth_route.ts
FNF:0
FNH:0
DA:1,4
DA:2,4
DA:3,4
DA:62,4
DA:64,4
DA:108,4
DA:123,4
DA:138,4
DA:140,4
LF:9
LH:9
BRF:0
BRH:0
end_of_record
TN:
SF:src\routes\comment_route.ts
FNF:0
FNH:0
DA:1,4
DA:2,4
DA:3,4
DA:4,4
DA:67,4
DA:69,4
DA:71,4
DA:73,4
DA:79,4
DA:85,4
LF:10
LH:10
BRF:0
BRH:0
end_of_record
TN:
SF:src\routes\file_route.ts
FN:8,(anonymous_1)
FN:11,(anonymous_2)
FN:21,(anonymous_3)
FNF:3
FNH:3
FNDA:1,(anonymous_1)
FNDA:1,(anonymous_2)
FNDA:1,(anonymous_3)
DA:1,4
DA:2,4
DA:3,4
DA:5,4
DA:7,4
DA:9,1
DA:12,1
DA:16,1
DA:19,4
DA:21,4
DA:22,1
DA:24,1
DA:27,4
LF:13
LH:13
BRF:0
BRH:0
end_of_record
TN:
SF:src\routes\post_route.ts
FNF:0
FNH:0
DA:1,4
DA:2,4
DA:3,4
DA:4,4
DA:44,4
DA:69,4
DA:95,4
DA:130,4
DA:156,4
DA:158,4
LF:10
LH:10
BRF:0
BRH:0
end_of_record
TN:
SF:src\routes\user_route.ts
FNF:0
FNH:0
DA:1,4
DA:2,4
DA:3,4
DA:4,4
DA:40,4
DA:42,4
DA:44,4
DA:46,4
DA:48,4
DA:50,4
LF:10
LH:10
BRF:0
BRH:0
end_of_record
