TN:
SF:src\app.ts
FN:15,(anonymous_1)
FN:17,(anonymous_2)
FN:20,(anonymous_3)
FN:21,(anonymous_4)
FN:23,(anonymous_5)
FNF:5
FNH:4
FNDA:5,(anonymous_1)
FNDA:5,(anonymous_2)
FNDA:5,(anonymous_3)
FNDA:0,(anonymous_4)
FNDA:5,(anonymous_5)
DA:1,5
DA:2,5
DA:3,5
DA:4,5
DA:5,5
DA:6,5
DA:7,5
DA:8,5
DA:9,5
DA:10,5
DA:12,5
DA:15,5
DA:17,5
DA:19,5
DA:20,5
DA:21,5
DA:22,5
DA:23,5
DA:24,5
DA:25,5
DA:26,5
DA:33,5
DA:40,5
DA:42,5
DA:43,5
DA:44,5
DA:45,5
DA:46,5
DA:48,5
DA:51,5
DA:54,5
DA:57,5
LF:32
LH:32
BRDA:35,0,0,5
BRDA:35,0,1,0
BRF:2
BRH:1
end_of_record
TN:
SF:src\common\auth_middleware.ts
FN:8,(anonymous_1)
FN:12,(anonymous_2)
FNF:2
FNH:2
FNDA:27,(anonymous_1)
FNDA:25,(anonymous_2)
DA:2,5
DA:8,5
DA:9,27
DA:10,27
DA:11,27
DA:12,25
DA:13,25
DA:14,25
DA:15,24
DA:16,24
DA:20,5
LF:11
LH:11
BRDA:10,0,0,27
BRDA:10,0,1,25
BRDA:11,1,0,2
BRDA:14,2,0,1
BRF:4
BRH:4
end_of_record
TN:
SF:src\controllers\auth_controller.ts
FN:11,(anonymous_1)
FN:55,(anonymous_2)
FN:100,(anonymous_3)
FN:117,(anonymous_4)
FN:148,(anonymous_5)
FN:152,(anonymous_6)
FN:162,(anonymous_7)
FN:173,(anonymous_8)
FN:177,(anonymous_9)
FN:191,(anonymous_10)
FNF:10
FNH:9
FNDA:2,(anonymous_1)
FNDA:5,(anonymous_2)
FNDA:8,(anonymous_3)
FNDA:5,(anonymous_4)
FNDA:2,(anonymous_5)
FNDA:1,(anonymous_6)
FNDA:0,(anonymous_7)
FNDA:5,(anonymous_8)
FNDA:5,(anonymous_9)
FNDA:1,(anonymous_10)
DA:2,5
DA:3,5
DA:4,5
DA:6,5
DA:8,5
DA:10,5
DA:11,5
DA:12,2
DA:13,2
DA:14,2
DA:18,1
DA:19,1
DA:20,1
DA:21,1
DA:22,1
DA:23,0
DA:30,1
DA:31,1
DA:35,1
DA:39,1
DA:48,0
DA:51,1
DA:55,5
DA:56,5
DA:57,5
DA:58,5
DA:59,5
DA:60,5
DA:61,0
DA:63,5
DA:64,5
DA:65,5
DA:66,1
DA:68,4
DA:69,4
DA:70,4
DA:77,4
DA:78,4
DA:82,4
DA:86,4
DA:96,0
DA:100,5
DA:101,8
DA:104,8
DA:105,8
DA:106,0
DA:107,8
DA:108,5
DA:110,8
DA:111,8
DA:117,5
DA:118,5
DA:119,5
DA:120,5
DA:121,1
DA:123,4
DA:124,4
DA:125,4
DA:126,1
DA:128,3
DA:129,3
DA:130,0
DA:133,3
DA:134,3
DA:138,3
DA:142,3
DA:144,0
DA:148,5
DA:149,2
DA:150,2
DA:151,2
DA:152,1
DA:154,1
DA:155,0
DA:156,0
DA:157,0
DA:158,0
DA:159,0
DA:160,0
DA:162,0
DA:163,0
DA:164,0
DA:167,0
DA:173,5
DA:174,5
DA:175,5
DA:176,5
DA:177,5
DA:178,5
DA:179,2
DA:180,2
DA:182,3
DA:183,3
DA:184,2
DA:185,1
DA:186,1
DA:187,1
DA:189,1
DA:190,1
DA:191,1
DA:192,1
DA:193,1
DA:195,1
DA:199,1
DA:204,1
DA:209,1
DA:215,5
LF:107
LH:90
BRDA:19,0,0,0
BRDA:19,0,1,1
BRDA:19,1,0,1
BRDA:19,1,1,1
BRDA:20,2,0,1
BRDA:20,2,1,0
BRDA:22,3,0,0
BRDA:24,4,0,0
BRDA:24,4,1,0
BRDA:24,5,0,0
BRDA:24,5,1,0
BRDA:26,6,0,0
BRDA:26,6,1,0
BRDA:26,7,0,0
BRDA:26,7,1,0
BRDA:60,8,0,0
BRDA:60,9,0,5
BRDA:60,9,1,5
BRDA:60,9,2,5
BRDA:65,10,0,1
BRDA:105,11,0,0
BRDA:105,11,1,8
BRDA:107,12,0,5
BRDA:120,13,0,1
BRDA:120,14,0,5
BRDA:120,14,1,4
BRDA:125,15,0,1
BRDA:129,16,0,0
BRDA:150,17,0,2
BRDA:150,17,1,1
BRDA:151,18,0,1
BRDA:154,19,0,1
BRDA:157,20,0,0
BRDA:157,20,1,0
BRDA:157,21,0,0
BRDA:157,21,1,0
BRDA:175,22,0,5
BRDA:175,22,1,5
BRDA:176,23,0,0
BRDA:178,24,0,2
BRDA:184,25,0,1
BRDA:184,26,0,2
BRDA:184,26,1,2
BRF:43
BRH:24
end_of_record
TN:
SF:src\controllers\base_controller.ts
FN:6,(anonymous_0)
FN:10,(anonymous_1)
FN:20,(anonymous_2)
FN:29,(anonymous_3)
FN:38,(anonymous_4)
FN:46,(anonymous_5)
FN:58,(anonymous_6)
FNF:7
FNH:6
FNDA:15,(anonymous_0)
FNDA:1,(anonymous_1)
FNDA:1,(anonymous_2)
FNDA:8,(anonymous_3)
FNDA:4,(anonymous_4)
FNDA:2,(anonymous_5)
FNDA:0,(anonymous_6)
DA:4,5
DA:7,15
DA:11,1
DA:12,1
DA:13,1
DA:16,0
DA:21,1
DA:22,1
DA:23,1
DA:25,0
DA:30,8
DA:31,8
DA:32,7
DA:34,1
DA:39,4
DA:40,4
DA:41,3
DA:43,1
DA:47,2
DA:48,2
DA:49,1
DA:51,1
DA:58,5
DA:59,0
DA:62,5
LF:25
LH:22
BRF:0
BRH:0
end_of_record
TN:
SF:src\controllers\comment_controller.ts
FN:9,(anonymous_1)
FN:13,(anonymous_2)
FN:50,(anonymous_3)
FNF:3
FNH:3
FNDA:5,(anonymous_1)
FNDA:7,(anonymous_2)
FNDA:2,(anonymous_3)
DA:2,5
DA:3,5
DA:4,5
DA:10,5
DA:14,7
DA:15,7
DA:16,7
DA:18,7
DA:19,6
DA:20,1
DA:21,1
DA:24,5
DA:30,5
DA:32,5
DA:33,5
DA:35,1
DA:51,2
DA:52,2
DA:53,2
DA:54,2
DA:55,1
DA:57,1
DA:59,1
DA:60,1
DA:66,5
LF:25
LH:25
BRDA:19,0,0,1
BRF:1
BRH:1
end_of_record
TN:
SF:src\controllers\post_controller.ts
FN:8,(anonymous_1)
FN:12,(anonymous_2)
FN:19,(anonymous_3)
FN:30,(anonymous_4)
FN:34,(anonymous_5)
FN:43,(anonymous_6)
FNF:6
FNH:6
FNDA:5,(anonymous_1)
FNDA:6,(anonymous_2)
FNDA:1,(anonymous_3)
FNDA:3,(anonymous_4)
FNDA:1,(anonymous_5)
FNDA:2,(anonymous_6)
DA:1,5
DA:2,5
DA:3,5
DA:9,5
DA:13,6
DA:14,6
DA:15,6
DA:17,6
DA:20,1
DA:21,1
DA:23,0
DA:25,1
DA:26,1
DA:31,3
DA:32,3
DA:35,1
DA:36,1
DA:37,1
DA:38,1
DA:40,0
DA:44,2
DA:45,2
DA:46,2
DA:53,0
DA:55,2
DA:56,2
DA:63,5
LF:27
LH:24
BRF:0
BRH:0
end_of_record
TN:
SF:src\controllers\user_controller.ts
FN:7,(anonymous_1)
FN:11,(anonymous_2)
FNF:2
FNH:2
FNDA:5,(anonymous_1)
FNDA:3,(anonymous_2)
DA:1,5
DA:2,5
DA:8,5
DA:12,3
DA:13,3
DA:15,3
DA:16,3
DA:22,3
DA:24,0
DA:31,5
LF:10
LH:9
BRF:0
BRH:0
end_of_record
TN:
SF:src\models\comment_model.ts
FNF:0
FNH:0
DA:1,5
DA:11,5
DA:34,5
LF:3
LH:3
BRF:0
BRH:0
end_of_record
TN:
SF:src\models\post_model.ts
FNF:0
FNH:0
DA:1,5
DA:20,5
DA:52,5
LF:3
LH:3
BRF:0
BRH:0
end_of_record
TN:
SF:src\models\user_model.ts
FNF:0
FNH:0
DA:1,5
DA:12,5
DA:33,5
LF:3
LH:3
BRF:0
BRH:0
end_of_record
TN:
SF:src\routes\auth_route.ts
FNF:0
FNH:0
DA:1,5
DA:2,5
DA:3,5
DA:62,5
DA:84,5
DA:128,5
DA:143,5
DA:144,5
DA:160,5
DA:162,5
LF:10
LH:10
BRF:0
BRH:0
end_of_record
TN:
SF:src\routes\comment_route.ts
FNF:0
FNH:0
DA:1,5
DA:2,5
DA:3,5
DA:4,5
DA:6,5
DA:7,5
DA:8,5
DA:9,5
DA:13,5
LF:9
LH:9
BRF:0
BRH:0
end_of_record
TN:
SF:src\routes\file_route.ts
FN:8,(anonymous_1)
FN:11,(anonymous_2)
FN:21,(anonymous_3)
FNF:3
FNH:3
FNDA:1,(anonymous_1)
FNDA:1,(anonymous_2)
FNDA:1,(anonymous_3)
DA:1,5
DA:2,5
DA:3,5
DA:5,5
DA:7,5
DA:9,1
DA:12,1
DA:16,1
DA:19,5
DA:21,5
DA:22,1
DA:24,1
DA:27,5
LF:13
LH:13
BRF:0
BRH:0
end_of_record
TN:
SF:src\routes\post_route.ts
FNF:0
FNH:0
DA:1,5
DA:2,5
DA:3,5
DA:4,5
DA:44,5
DA:69,5
DA:71,5
DA:97,5
DA:132,5
DA:158,5
DA:160,5
LF:11
LH:11
BRF:0
BRH:0
end_of_record
TN:
SF:src\routes\user_route.ts
FNF:0
FNH:0
DA:1,5
DA:2,5
DA:3,5
DA:4,5
DA:58,5
DA:83,5
DA:107,5
DA:138,5
DA:159,5
DA:161,5
LF:10
LH:10
BRF:0
BRH:0
end_of_record
